#
# There is insufficient memory for the Java Runtime Environment to continue.
# Native memory allocation (malloc) failed to allocate 1048576 bytes for AllocateHeap
# Possible reasons:
#   The system is out of physical RAM or swap space
#   The process is running with CompressedOops enabled, and the Java Heap may be blocking the growth of the native heap
# Possible solutions:
#   Reduce memory load on the system
#   Increase physical memory or swap space
#   Check if swap backing store is full
#   Decrease Java heap size (-Xmx/-Xms)
#   Decrease number of Java threads
#   Decrease Java thread stack sizes (-Xss)
#   Set larger code cache with -XX:ReservedCodeCacheSize=
# This output file may be truncated or incomplete.
#
#  Out of Memory Error (./src/hotspot/share/memory/allocation.cpp:46), pid=2460, tid=15096
#
# JRE version:  (11.0.11+9) (build )
# Java VM: OpenJDK 64-Bit Server VM (11.0.11+9-b1504.13, mixed mode, sharing, tiered, compressed oops, g1 gc, windows-amd64)
# No core dump will be written. Minidumps are not enabled by default on client versions of Windows
#

---------------  S U M M A R Y ------------

Command Line: git4idea.http.GitAskPassApp Username for 'https://gitlab.com': 

Host: Intel(R) Pentium(R) CPU 4417U @ 2.30GHz, 4 cores, 3G,  Windows 10 , 64 bit Build 18362 (10.0.18362.1500)
Time: Wed Aug  4 17:50:18 2021 O?ieyia?y (e?oi) elapsed time: 0.161775 seconds (0d 0h 0m 0s)

---------------  T H R E A D  ---------------

Current thread (0x0000026f169fa800):  JavaThread "Unknown thread" [_thread_in_vm, id=15096, stack(0x0000007333100000,0x0000007333200000)]

Stack: [0x0000007333100000,0x0000007333200000]
Native frames: (J=compiled Java code, j=interpreted, Vv=VM code, C=native code)
V  [jvm.dll+0x5f5d5a]
V  [jvm.dll+0x7798b5]
V  [jvm.dll+0x77aecd]
V  [jvm.dll+0x77b583]
V  [jvm.dll+0x244978]
V  [jvm.dll+0xb49c4]
V  [jvm.dll+0x2e30b7]
V  [jvm.dll+0x2dc22a]
V  [jvm.dll+0x758057]
V  [jvm.dll+0x75984c]
V  [jvm.dll+0x35b659]
V  [jvm.dll+0x73b67e]
V  [jvm.dll+0x3c39f3]
V  [jvm.dll+0x3c5dd1]
C  [jli.dll+0x5373]
C  [ucrtbase.dll+0x210b2]
C  [KERNEL32.DLL+0x17c24]
C  [ntdll.dll+0x6d721]


---------------  P R O C E S S  ---------------

Threads class SMR info:
_java_thread_list=0x0000026f14824150, length=0, elements={
}

Java Threads: ( => current thread )

Other Threads:
  0x0000026f16a12000 GCTaskThread "GC Thread#0" [stack: 0x0000007333200000,0x0000007333300000] [id=15144]

[error occurred during error reporting (printing all threads), id 0xc0000005, EXCEPTION_ACCESS_VIOLATION (0xc0000005) at pc=0x00007ffc289d8690]

VM state:not at safepoint (not fully initialized)

VM Mutex/Monitor currently owned by a thread:  ([mutex/lock_event])
[0x0000026f169f72c0] Heap_lock - owner thread: 0x0000026f169fa800

Heap address: 0x00000000c1400000, size: 1004 MB, Compressed Oops mode: Non-zero based: 0x00000000c1400000
Narrow klass base: 0x0000000000000000, Narrow klass shift: 0

GC Heap History (0 events):
No events

Deoptimization events (0 events):
No events

Classes redefined (0 events):
No events

Internal exceptions (0 events):
No events

Events (1 events):
Event: 0.062 Loaded shared library D:\WebStorm 2021.2\jbr\bin\zip.dll


Dynamic libraries:
0x00007ff707e10000 - 0x00007ff707e1a000 	D:\WebStorm 2021.2\jbr\bin\java.exe
0x00007ffc752e0000 - 0x00007ffc754d0000 	C:\Windows\SYSTEM32\ntdll.dll
0x00007ffc73f00000 - 0x00007ffc73fb2000 	C:\Windows\System32\KERNEL32.DLL
0x00007ffc72a60000 - 0x00007ffc72d05000 	C:\Windows\System32\KERNELBASE.dll
0x00007ffc72d10000 - 0x00007ffc72e0a000 	C:\Windows\System32\ucrtbase.dll
0x00007ffc5afa0000 - 0x00007ffc5afb9000 	D:\WebStorm 2021.2\jbr\bin\jli.dll
0x00007ffc74ff0000 - 0x00007ffc75184000 	C:\Windows\System32\USER32.dll
0x00007ffc73110000 - 0x00007ffc73131000 	C:\Windows\System32\win32u.dll
0x00007ffc735b0000 - 0x00007ffc735d6000 	C:\Windows\System32\GDI32.dll
0x00007ffc73140000 - 0x00007ffc732d8000 	C:\Windows\System32\gdi32full.dll
0x00007ffc72fc0000 - 0x00007ffc7305e000 	C:\Windows\System32\msvcp_win.dll
0x00007ffc5af80000 - 0x00007ffc5af97000 	D:\WebStorm 2021.2\jbr\bin\VCRUNTIME140.dll
0x00007ffc5d750000 - 0x00007ffc5d9d4000 	C:\Windows\WinSxS\amd64_microsoft.windows.common-controls_6595b64144ccf1df_6.0.18362.1500_none_9e79be6de462295c\COMCTL32.dll
0x00007ffc751a0000 - 0x00007ffc7523e000 	C:\Windows\System32\msvcrt.dll
0x00007ffc73b10000 - 0x00007ffc73e46000 	C:\Windows\System32\combase.dll
0x00007ffc74ed0000 - 0x00007ffc74fef000 	C:\Windows\System32\RPCRT4.dll
0x00007ffc729d0000 - 0x00007ffc72a51000 	C:\Windows\System32\bcryptPrimitives.dll
0x00007ffc73580000 - 0x00007ffc735ae000 	C:\Windows\System32\IMM32.DLL
0x00007ffc36770000 - 0x00007ffc3680d000 	D:\WebStorm 2021.2\jbr\bin\msvcp140.dll
0x00007ffc286f0000 - 0x00007ffc2923a000 	D:\WebStorm 2021.2\jbr\bin\server\jvm.dll
0x00007ffc74e20000 - 0x00007ffc74ec3000 	C:\Windows\System32\ADVAPI32.dll
0x00007ffc734e0000 - 0x00007ffc73577000 	C:\Windows\System32\sechost.dll
0x00007ffc75190000 - 0x00007ffc75198000 	C:\Windows\System32\PSAPI.DLL
0x00007ffc5c0d0000 - 0x00007ffc5c0d9000 	C:\Windows\SYSTEM32\WSOCK32.dll
0x00007ffc73fc0000 - 0x00007ffc7402f000 	C:\Windows\System32\WS2_32.dll
0x00007ffc6f790000 - 0x00007ffc6f7b4000 	C:\Windows\SYSTEM32\WINMM.dll
0x00007ffc696a0000 - 0x00007ffc696aa000 	C:\Windows\SYSTEM32\VERSION.dll
0x00007ffc6f760000 - 0x00007ffc6f78d000 	C:\Windows\SYSTEM32\WINMMBASE.dll
0x00007ffc732e0000 - 0x00007ffc7332a000 	C:\Windows\System32\cfgmgr32.dll
0x00007ffc721a0000 - 0x00007ffc721b1000 	C:\Windows\System32\kernel.appcore.dll
0x00007ffc56170000 - 0x00007ffc56181000 	D:\WebStorm 2021.2\jbr\bin\verify.dll
0x00007ffc70aa0000 - 0x00007ffc70c94000 	C:\Windows\SYSTEM32\DBGHELP.DLL
0x00007ffc58d70000 - 0x00007ffc58d9a000 	C:\Windows\SYSTEM32\dbgcore.DLL
0x00007ffc52910000 - 0x00007ffc52939000 	D:\WebStorm 2021.2\jbr\bin\java.dll
0x00007ffc5c0c0000 - 0x00007ffc5c0cb000 	D:\WebStorm 2021.2\jbr\bin\jimage.dll
0x00007ffc53020000 - 0x00007ffc53038000 	D:\WebStorm 2021.2\jbr\bin\zip.dll

dbghelp: loaded successfully - version: 4.0.5 - missing functions: none
symbol engine: initialized successfully - sym options: 0x614 - pdb path: .;D:\WebStorm 2021.2\jbr\bin;C:\Windows\SYSTEM32;C:\Windows\WinSxS\amd64_microsoft.windows.common-controls_6595b64144ccf1df_6.0.18362.1500_none_9e79be6de462295c;D:\WebStorm 2021.2\jbr\bin\server

VM Arguments:
java_command: git4idea.http.GitAskPassApp Username for 'https://gitlab.com': 
java_class_path (initial): D:/WebStorm 2021.2/plugins/git4idea/lib/git4idea-rt.jar;D:/WebStorm 2021.2/lib/3rd-party.jar
Launcher Type: SUN_STANDARD

[Global flags]
     intx CICompilerCount                          = 3                                         {product} {ergonomic}
     uint ConcGCThreads                            = 1                                         {product} {ergonomic}
     uint G1ConcRefinementThreads                  = 4                                         {product} {ergonomic}
   size_t G1HeapRegionSize                         = 1048576                                   {product} {ergonomic}
    uintx GCDrainStackTargetSize                   = 64                                        {product} {ergonomic}
   size_t InitialHeapSize                          = 67108864                                  {product} {ergonomic}
   size_t MarkStackSize                            = 4194304                                   {product} {ergonomic}
   size_t MaxHeapSize                              = 1052770304                                {product} {ergonomic}
   size_t MinHeapDeltaBytes                        = 1048576                                   {product} {ergonomic}
    uintx NonNMethodCodeHeapSize                   = 5830732                                {pd product} {ergonomic}
    uintx NonProfiledCodeHeapSize                  = 122913754                              {pd product} {ergonomic}
    uintx ProfiledCodeHeapSize                     = 122913754                              {pd product} {ergonomic}
    uintx ReservedCodeCacheSize                    = 251658240                              {pd product} {ergonomic}
     bool SegmentedCodeCache                       = true                                      {product} {ergonomic}
     bool UseCompressedClassPointers               = true                                 {lp64_product} {ergonomic}
     bool UseCompressedOops                        = true                                 {lp64_product} {ergonomic}
     bool UseG1GC                                  = true                                      {product} {ergonomic}
     bool UseLargePagesIndividualAllocation        = false                                  {pd product} {ergonomic}

Logging:
Log output configuration:
 #0: stdout all=warning uptime,level,tags
 #1: stderr all=off uptime,level,tags

Environment Variables:
CLASSPATH=.;C:\Program Files (x86)\QuickTime\QTSystem\QTJava.zip
PATH=D:\Git\mingw64\libexec\git-core;D:\Git\mingw64\libexec\git-core;D:\Git\mingw64\bin;D:\Git\usr\bin;C:\Users\Admin\bin;C:\Perl64\bin;C:\Users\Admin\AppData\Roaming\ActiveState\bin;D:\Нова папка\Scripts;D:\Нова папка;C:\Python39\Scripts;C:\Python39;C:\Windows\system32;C:\Windows;C:\Windows\System32\Wbem;C:\Windows\System32\WindowsPowerShell\v1.0;C:\Windows\System32\OpenSSH;C:\Program Files (x86)\QuickTime\QTSystem;D:\Git\cmd;C:\Program Files\dotnet;C:\Program Files\Microsoft SQL Server\Client SDK\ODBC\170\Tools\Binn;C:\ProgramData\chocolatey\bin;D:\Yarn\bin;C:\Program Files\nodejs;C:\Program Files\nodejs;C:\Users\Admin\AppData\Roaming\Python\Python39\site-packages;D:\mixtex\miktex\bin\x64;C:\Users\Admin\AppData\Roaming\npm;D:\WebStorm 2021.2\bin
USERNAME=Admin
DISPLAY=:0.0
LC_ALL=en_US.UTF-8
OS=Windows_NT
PROCESSOR_IDENTIFIER=Intel64 Family 6 Model 142 Stepping 10, GenuineIntel



---------------  S Y S T E M  ---------------

OS: Windows 10 , 64 bit Build 18362 (10.0.18362.1500)
OS uptime: 4 days 23:42 hours

CPU:total 4 (initial active 4) (2 cores per cpu, 2 threads per core) family 6 model 142 stepping 10 microcode 0xe0, cmov, cx8, fxsr, mmx, sse, sse2, sse3, ssse3, sse4.1, sse4.2, popcnt, aes, clmul, erms, 3dnowpref, lzcnt, ht, tsc, tscinvbit

Memory: 4k page, system-wide physical 4012M (275M free)
TotalPageFile size 8840M (AvailPageFile size 0M)
current process WorkingSet (physical memory assigned to process): 9M, peak: 9M
current process commit charge ("private bytes"): 49M, peak: 50M

vm_info: OpenJDK 64-Bit Server VM (11.0.11+9-b1504.13) for windows-amd64 JRE (11.0.11+9-b1504.13), built on Jul 18 2021 03:17:44 by "" with MS VC++ 14.0 (VS2015)

END.
